Connected by ('127.0.0.1', 50909)
Received: Container: 
    length = 15
    type = 1
    payload = Container: 
        version = u'Terraria279' (total 11)
Received: Container: 
    length = 46
    type = 4
    payload = Container: 
        player_id = 0
        skin_variant = 4
        hair = 22
        name = u'LatamMaster' (total 11)
        hair_dye = 0
        hide_visuals = 0
        hide_visuals_2 = 0
        hide_misc = 0
        hair_color = Container: 
            r = 238
            g = 255
            b = 15
        skin_color = Container: 
            r = 255
            g = 125
            b = 90
        eye_color = Container: 
            r = 105
            g = 102
            b = 75
        shirt_color = Container: 
            r = 175
            g = 165
            b = 140
        undershirt_color = Container: 
            r = 160
            g = 180
            b = 215
        pants_color = Container: 
            r = 255
            g = 230
            b = 175
        shoe_color = Container: 
            r = 160
            g = 105
            b = 60
        difficulty_flags = 0
        torch_flags = 16
Received: Container: 
    length = 40
    type = 68
    payload = Container: 
        client_uuid = u'09e9b400-f2f1-461f-b5b3-8d8bb649'... (truncated, total 36)
Received: Container: 
    length = 8
    type = 16
    payload = Container: 
        player_slot = 0
        current_health = 100
        max_health = 100
Received: Container: 
    length = 8
    type = 42
    payload = Container: 
        player_slot = 0
        mana = 11
        max_mana = 20
Received: Container: 
    length = 92
    type = 50
    payload = Container: 
        player_slot = 0
        buffs = ListContainer: 
            0
            0
            0
            0
            0
            0
            0
            0
            0
            0
            0
            0
            0
            0
            0
            0
            0
            0
            0
            0
            0
            0
Received: Container: 
    length = 7
    type = 147
    payload = Container: 
        loadout = ListContainer: 
            0
            0
            0
            0
Received: Container: 
    length = 11
    type = 5
    payload = Container: 
        player_slot = 0
        inventory_slot = 0
        stack = 1
        prefix_id = 60
        item_id = 3507
Received: Container: 
    length = 11
    type = 5
    payload = Container: 
        player_slot = 0
        inventory_slot = 1
        stack = 1
        prefix_id = 5
        item_id = 3509
Received: Container: 
    length = 11
    type = 5
    payload = Container: 
        player_slot = 0
        inventory_slot = 2
        stack = 1
        prefix_id = 57
        item_id = 3506
Received: Container: 
    length = 11
    type = 5
    payload = Container: 
        player_slot = 0
        inventory_slot = 3
        stack = 0
        prefix_id = 0
        item_id = 0
Received: Container: 
    length = 11
    type = 5
    payload = Container: 
        player_slot = 0
        inventory_slot = 4
        stack = 0
        prefix_id = 0
        item_id = 0
Received: Container: 
    length = 11
    type = 5
    payload = Container: 
        player_slot = 0
        inventory_slot = 5
        stack = 0
        prefix_id = 0
        item_id = 0
Received: Container: 
    length = 11
    type = 5
    payload = Container: 
        player_slot = 0
        inventory_slot = 6
        stack = 0
        prefix_id = 0
        item_id = 0
Received: Container: 
    length = 11
    type = 5
    payload = Container: 
        player_slot = 0
        inventory_slot = 7
        stack = 0
        prefix_id = 0
        item_id = 0
Received: Container: 
    length = 11
    type = 5
    payload = Container: 
        player_slot = 0
        inventory_slot = 8
        stack = 0
        prefix_id = 0
        item_id = 0
Received: Container: 
    length = 11
    type = 5
    payload = Container: 
        player_slot = 0
        inventory_slot = 9
        stack = 0
        prefix_id = 0
        item_id = 0
Received: Container: 
    length = 11
    type = 5
    payload = Container: 
        player_slot = 0
        inventory_slot = 10
        stack = 0
        prefix_id = 0
        item_id = 0
Received: Container: 
    length = 11
    type = 5
    payload = Container: 
        player_slot = 0
        inventory_slot = 11
        stack = 0
        prefix_id = 0
        item_id = 0
Received: Container: 
    length = 11
    type = 5
    payload = Container: 
        player_slot = 0
        inventory_slot = 12
        stack = 0
        prefix_id = 0
        item_id = 0
Received: Container: 
    length = 11
    type = 5
    payload = Container: 
        player_slot = 0
        inventory_slot = 13
        stack = 0
        prefix_id = 0
        item_id = 0
Received: Container: 
    length = 11
    type = 5
    payload = Container: 
        player_slot = 0
        inventory_slot = 14
        stack = 0
        prefix_id = 0
        item_id = 0
Received: Container: 
    length = 11
    type = 5
    payload = Container: 
        player_slot = 0
        inventory_slot = 15
        stack = 0
        prefix_id = 0
        item_id = 0
Received: Container: 
    length = 11
    type = 5
    payload = Container: 
        player_slot = 0
        inventory_slot = 16
        stack = 0
        prefix_id = 0
        item_id = 0
Received: Container: 
    length = 11
    type = 5
    payload = Container: 
        player_slot = 0
        inventory_slot = 17
        stack = 0
        prefix_id = 0
        item_id = 0
Received: Container: 
    length = 11
    type = 5
    payload = Container: 
        player_slot = 0
        inventory_slot = 18
        stack = 0
        prefix_id = 0
        item_id = 0
Received: Container: 
    length = 11
    type = 5
    payload = Container: 
        player_slot = 0
        inventory_slot = 19
        stack = 0
        prefix_id = 0
        item_id = 0
Received: Container: 
    length = 11
    type = 5
    payload = Container: 
        player_slot = 0
        inventory_slot = 20
        stack = 0
        prefix_id = 0
        item_id = 0
Received: Container: 
    length = 11
    type = 5
    payload = Container: 
        player_slot = 0
        inventory_slot = 21
        stack = 0
        prefix_id = 0
        item_id = 0
Received: Container: 
    length = 11
    type = 5
    payload = Container: 
        player_slot = 0
        inventory_slot = 22
        stack = 0
        prefix_id = 0
        item_id = 0
Received: Container: 
    length = 11
    type = 5
    payload = Container: 
        player_slot = 0
        inventory_slot = 23
        stack = 0
        prefix_id = 0
        item_id = 0
Received: Container: 
    length = 11
    type = 5
    payload = Container: 
        player_slot = 0
        inventory_slot = 24
        stack = 0
        prefix_id = 0
        item_id = 0
Received: Container: 
    length = 11
    type = 5
    payload = Container: 
        player_slot = 0
        inventory_slot = 25
        stack = 0
        prefix_id = 0
        item_id = 0
Received: Container: 
    length = 11
    type = 5
    payload = Container: 
        player_slot = 0
        inventory_slot = 26
        stack = 0
        prefix_id = 0
        item_id = 0
Received: Container: 
    length = 11
    type = 5
    payload = Container: 
        player_slot = 0
        inventory_slot = 27
        stack = 0
        prefix_id = 0
        item_id = 0
Received: Container: 
    length = 11
    type = 5
    payload = Container: 
        player_slot = 0
        inventory_slot = 28
        stack = 0
        prefix_id = 0
        item_id = 0
Received: Container: 
    length = 11
    type = 5
    payload = Container: 
        player_slot = 0
        inventory_slot = 29
        stack = 0
        prefix_id = 0
        item_id = 0
Received: Container: 
    length = 11
    type = 5
    payload = Container: 
        player_slot = 0
        inventory_slot = 30
        stack = 0
        prefix_id = 0
        item_id = 0
Received: Container: 
    length = 11
    type = 5
    payload = Container: 
        player_slot = 0
        inventory_slot = 31
        stack = 0
        prefix_id = 0
        item_id = 0
Received: Container: 
    length = 11
    type = 5
    payload = Container: 
        player_slot = 0
        inventory_slot = 32
        stack = 0
        prefix_id = 0
        item_id = 0
Received: Container: 
    length = 11
    type = 5
    payload = Container: 
        player_slot = 0
        inventory_slot = 33
        stack = 0
        prefix_id = 0
        item_id = 0
Received: Container: 
    length = 11
    type = 5
    payload = Container: 
        player_slot = 0
        inventory_slot = 34
        stack = 0
        prefix_id = 0
        item_id = 0
Received: Container: 
    length = 11
    type = 5
    payload = Container: 
        player_slot = 0
        inventory_slot = 35
        stack = 0
        prefix_id = 0
        item_id = 0
Received: Container: 
    length = 11
    type = 5
    payload = Container: 
        player_slot = 0
        inventory_slot = 36
        stack = 0
        prefix_id = 0
        item_id = 0
Received: Container: 
    length = 11
    type = 5
    payload = Container: 
        player_slot = 0
        inventory_slot = 37
        stack = 0
        prefix_id = 0
        item_id = 0
Received: Container: 
    length = 11
    type = 5
    payload = Container: 
        player_slot = 0
        inventory_slot = 38
        stack = 0
        prefix_id = 0
        item_id = 0
Received: Container: 
    length = 11
    type = 5
    payload = Container: 
        player_slot = 0
        inventory_slot = 39
        stack = 0
        prefix_id = 0
        item_id = 0
Received: Container: 
    length = 11
    type = 5
    payload = Container: 
        player_slot = 0
        inventory_slot = 40
        stack = 0
        prefix_id = 0
        item_id = 0
Received: Container: 
    length = 11
    type = 5
    payload = Container: 
        player_slot = 0
        inventory_slot = 41
        stack = 0
        prefix_id = 0
        item_id = 0
Received: Container: 
    length = 11
    type = 5
    payload = Container: 
        player_slot = 0
        inventory_slot = 42
        stack = 0
        prefix_id = 0
        item_id = 0
Received: Container: 
    length = 11
    type = 5
    payload = Container: 
        player_slot = 0
        inventory_slot = 43
        stack = 0
        prefix_id = 0
        item_id = 0
Received: Container: 
    length = 11
    type = 5
    payload = Container: 
        player_slot = 0
        inventory_slot = 44
        stack = 0
        prefix_id = 0
        item_id = 0
Received: Container: 
    length = 11
    type = 5
    payload = Container: 
        player_slot = 0
        inventory_slot = 45
        stack = 0
        prefix_id = 0
        item_id = 0
Received: Container: 
    length = 11
    type = 5
    payload = Container: 
        player_slot = 0
        inventory_slot = 46
        stack = 0
        prefix_id = 0
        item_id = 0
Received: Container: 
    length = 11
    type = 5
    payload = Container: 
        player_slot = 0
        inventory_slot = 47
        stack = 0
        prefix_id = 0
        item_id = 0
Received: Container: 
    length = 11
    type = 5
    payload = Container: 
        player_slot = 0
        inventory_slot = 48
        stack = 0
        prefix_id = 0
        item_id = 0
Received: Container: 
    length = 11
    type = 5
    payload = Container: 
        player_slot = 0
        inventory_slot = 49
        stack = 0
        prefix_id = 0
        item_id = 0
Received: Container: 
    length = 11
    type = 5
    payload = Container: 
        player_slot = 0
        inventory_slot = 50
        stack = 0
        prefix_id = 0
        item_id = 0
Received: Container: 
    length = 11
    type = 5
    payload = Container: 
        player_slot = 0
        inventory_slot = 51
        stack = 0
        prefix_id = 0
        item_id = 0
Received: Container: 
    length = 11
    type = 5
    payload = Container: 
        player_slot = 0
        inventory_slot = 52
        stack = 0
        prefix_id = 0
        item_id = 0
Received: Container: 
    length = 11
    type = 5
    payload = Container: 
        player_slot = 0
        inventory_slot = 53
        stack = 0
        prefix_id = 0
        item_id = 0
Received: Container: 
    length = 11
    type = 5
    payload = Container: 
        player_slot = 0
        inventory_slot = 54
        stack = 0
        prefix_id = 0
        item_id = 0
Received: Container: 
    length = 11
    type = 5
    payload = Container: 
        player_slot = 0
        inventory_slot = 55
        stack = 0
        prefix_id = 0
        item_id = 0
Received: Container: 
    length = 11
    type = 5
    payload = Container: 
        player_slot = 0
        inventory_slot = 56
        stack = 0
        prefix_id = 0
        item_id = 0
Received: Container: 
    length = 11
    type = 5
    payload = Container: 
        player_slot = 0
        inventory_slot = 57
        stack = 0
        prefix_id = 0
        item_id = 0
Received: Container: 
    length = 11
    type = 5
    payload = Container: 
        player_slot = 0
        inventory_slot = 58
        stack = 0
        prefix_id = 0
        item_id = 0
Received: Container: 
    length = 11
    type = 5
    payload = Container: 
        player_slot = 0
        inventory_slot = 59
        stack = 0
        prefix_id = 0
        item_id = 0
Received: Container: 
    length = 11
    type = 5
    payload = Container: 
        player_slot = 0
        inventory_slot = 60
        stack = 0
        prefix_id = 0
        item_id = 0
Received: Container: 
    length = 11
    type = 5
    payload = Container: 
        player_slot = 0
        inventory_slot = 61
        stack = 0
        prefix_id = 0
        item_id = 0
Received: Container: 
    length = 11
    type = 5
    payload = Container: 
        player_slot = 0
        inventory_slot = 62
        stack = 0
        prefix_id = 0
        item_id = 0
Received: Container: 
    length = 11
    type = 5
    payload = Container: 
        player_slot = 0
        inventory_slot = 63
        stack = 0
        prefix_id = 0
        item_id = 0
Received: Container: 
    length = 11
    type = 5
    payload = Container: 
        player_slot = 0
        inventory_slot = 64
        stack = 0
        prefix_id = 0
        item_id = 0
Received: Container: 
    length = 11
    type = 5
    payload = Container: 
        player_slot = 0
        inventory_slot = 65
        stack = 0
        prefix_id = 0
        item_id = 0
Received: Container: 
    length = 11
    type = 5
    payload = Container: 
        player_slot = 0
        inventory_slot = 66
        stack = 0
        prefix_id = 0
        item_id = 0
Received: Container: 
    length = 11
    type = 5
    payload = Container: 
        player_slot = 0
        inventory_slot = 67
        stack = 0
        prefix_id = 0
        item_id = 0
Received: Container: 
    length = 11
    type = 5
    payload = Container: 
        player_slot = 0
        inventory_slot = 68
        stack = 0
        prefix_id = 0
        item_id = 0
Received: Container: 
    length = 11
    type = 5
    payload = Container: 
        player_slot = 0
        inventory_slot = 69
        stack = 0
        prefix_id = 0
        item_id = 0
Received: Container: 
    length = 11
    type = 5
    payload = Container: 
        player_slot = 0
        inventory_slot = 70
        stack = 0
        prefix_id = 0
        item_id = 0
Received: Container: 
    length = 11
    type = 5
    payload = Container: 
        player_slot = 0
        inventory_slot = 71
        stack = 0
        prefix_id = 0
        item_id = 0
Received: Container: 
    length = 11
    type = 5
    payload = Container: 
        player_slot = 0
        inventory_slot = 72
        stack = 0
        prefix_id = 0
        item_id = 0
Received: Container: 
    length = 11
    type = 5
    payload = Container: 
        player_slot = 0
        inventory_slot = 73
        stack = 0
        prefix_id = 0
        item_id = 0
Received: Container: 
    length = 11
    type = 5
    payload = Container: 
        player_slot = 0
        inventory_slot = 74
        stack = 0
        prefix_id = 0
        item_id = 0
Received: Container: 
    length = 11
    type = 5
    payload = Container: 
        player_slot = 0
        inventory_slot = 75
        stack = 0
        prefix_id = 0
        item_id = 0
Received: Container: 
    length = 11
    type = 5
    payload = Container: 
        player_slot = 0
        inventory_slot = 76
        stack = 0
        prefix_id = 0
        item_id = 0
Received: Container: 
    length = 11
    type = 5
    payload = Container: 
        player_slot = 0
        inventory_slot = 77
        stack = 0
        prefix_id = 0
        item_id = 0
Received: Container: 
    length = 11
    type = 5
    payload = Container: 
        player_slot = 0
        inventory_slot = 78
        stack = 0
        prefix_id = 0
        item_id = 0
Received: Container: 
    length = 11
    type = 5
    payload = Container: 
        player_slot = 0
        inventory_slot = 79
        stack = 0
        prefix_id = 0
        item_id = 0
Received: Container: 
    length = 11
    type = 5
    payload = Container: 
        player_slot = 0
        inventory_slot = 80
        stack = 0
        prefix_id = 0
        item_id = 0
Received: Container: 
    length = 11
    type = 5
    payload = Container: 
        player_slot = 0
        inventory_slot = 81
        stack = 0
        prefix_id = 0
        item_id = 0
Received: Container: 
    length = 11
    type = 5
    payload = Container: 
        player_slot = 0
        inventory_slot = 82
        stack = 0
        prefix_id = 0
        item_id = 0
Received: Container: 
    length = 11
    type = 5
    payload = Container: 
        player_slot = 0
        inventory_slot = 83
        stack = 0
        prefix_id = 0
        item_id = 0
Received: Container: 
    length = 11
    type = 5
    payload = Container: 
        player_slot = 0
        inventory_slot = 84
        stack = 0
        prefix_id = 0
        item_id = 0
Received: Container: 
    length = 11
    type = 5
    payload = Container: 
        player_slot = 0
        inventory_slot = 85
        stack = 0
        prefix_id = 0
        item_id = 0
Received: Container: 
    length = 11
    type = 5
    payload = Container: 
        player_slot = 0
        inventory_slot = 86
        stack = 0
        prefix_id = 0
        item_id = 0
Received: Container: 
    length = 11
    type = 5
    payload = Container: 
        player_slot = 0
        inventory_slot = 87
        stack = 0
        prefix_id = 0
        item_id = 0
Received: Container: 
    length = 11
    type = 5
    payload = Container: 
        player_slot = 0
        inventory_slot = 88
        stack = 0
        prefix_id = 0
        item_id = 0
Received: Container: 
    length = 11
    type = 5
    payload = Container: 
        player_slot = 0
        inventory_slot = 89
        stack = 0
        prefix_id = 0
        item_id = 0
Received: Container: 
    length = 11
    type = 5
    payload = Container: 
        player_slot = 0
        inventory_slot = 90
        stack = 0
        prefix_id = 0
        item_id = 0
Received: Container: 
    length = 11
    type = 5
    payload = Container: 
        player_slot = 0
        inventory_slot = 91
        stack = 0
        prefix_id = 0
        item_id = 0
Received: Container: 
    length = 11
    type = 5
    payload = Container: 
        player_slot = 0
        inventory_slot = 92
        stack = 0
        prefix_id = 0
        item_id = 0
Received: Container: 
    length = 11
    type = 5
    payload = Container: 
        player_slot = 0
        inventory_slot = 93
        stack = 0
        prefix_id = 0
        item_id = 0
Received: Container: 
    length = 11
    type = 5
    payload = Container: 
        player_slot = 0
        inventory_slot = 94
        stack = 0
        prefix_id = 0
        item_id = 0
Received: Container: 
    length = 11
    type = 5
    payload = Container: 
        player_slot = 0
        inventory_slot = 95
        stack = 0
        prefix_id = 0
        item_id = 0
Received: Container: 
    length = 11
    type = 5
    payload = Container: 
        player_slot = 0
        inventory_slot = 96
        stack = 0
        prefix_id = 0
        item_id = 0
Received: Container: 
    length = 11
    type = 5
    payload = Container: 
        player_slot = 0
        inventory_slot = 97
        stack = 0
        prefix_id = 0
        item_id = 0
Received: Container: 
    length = 11
    type = 5
    payload = Container: 
        player_slot = 0
        inventory_slot = 98
        stack = 0
        prefix_id = 0
        item_id = 0
Received: Container: 
    length = 11
    type = 5
    payload = Container: 
        player_slot = 0
        inventory_slot = 99
        stack = 0
        prefix_id = 0
        item_id = 0
Received: Container: 
    length = 11
    type = 5
    payload = Container: 
        player_slot = 0
        inventory_slot = 100
        stack = 0
        prefix_id = 0
        item_id = 0
Received: Container: 
    length = 11
    type = 5
    payload = Container: 
        player_slot = 0
        inventory_slot = 101
        stack = 0
        prefix_id = 0
        item_id = 0
Received: Container: 
    length = 11
    type = 5
    payload = Container: 
        player_slot = 0
        inventory_slot = 102
        stack = 0
        prefix_id = 0
        item_id = 0
Received: Container: 
    length = 11
    type = 5
    payload = Container: 
        player_slot = 0
        inventory_slot = 103
        stack = 0
        prefix_id = 0
        item_id = 0
Received: Container: 
    length = 11
    type = 5
    payload = Container: 
        player_slot = 0
        inventory_slot = 104
        stack = 0
        prefix_id = 0
        item_id = 0
Received: Container: 
    length = 11
    type = 5
    payload = Container: 
        player_slot = 0
        inventory_slot = 105
        stack = 0
        prefix_id = 0
        item_id = 0
Received: Container: 
    length = 11
    type = 5
    payload = Container: 
        player_slot = 0
        inventory_slot = 106
        stack = 0
        prefix_id = 0
        item_id = 0
Received: Container: 
    length = 11
    type = 5
    payload = Container: 
        player_slot = 0
        inventory_slot = 107
        stack = 0
        prefix_id = 0
        item_id = 0
Received: Container: 
    length = 11
    type = 5
    payload = Container: 
        player_slot = 0
        inventory_slot = 108
        stack = 0
        prefix_id = 0
        item_id = 0
Received: Container: 
    length = 11
    type = 5
    payload = Container: 
        player_slot = 0
        inventory_slot = 109
        stack = 0
        prefix_id = 0
        item_id = 0
Received: Container: 
    length = 11
    type = 5
    payload = Container: 
        player_slot = 0
        inventory_slot = 110
        stack = 0
        prefix_id = 0
        item_id = 0
Received: Container: 
    length = 11
    type = 5
    payload = Container: 
        player_slot = 0
        inventory_slot = 111
        stack = 0
        prefix_id = 0
        item_id = 0
Received: Container: 
    length = 11
    type = 5
    payload = Container: 
        player_slot = 0
        inventory_slot = 112
        stack = 0
        prefix_id = 0
        item_id = 0
Received: Container: 
    length = 11
    type = 5
    payload = Container: 
        player_slot = 0
        inventory_slot = 113
        stack = 0
        prefix_id = 0
        item_id = 0
Received: Container: 
    length = 11
    type = 5
    payload = Container: 
        player_slot = 0
        inventory_slot = 114
        stack = 0
        prefix_id = 0
        item_id = 0
Received: Container: 
    length = 11
    type = 5
    payload = Container: 
        player_slot = 0
        inventory_slot = 115
        stack = 0
        prefix_id = 0
        item_id = 0
Received: Container: 
    length = 11
    type = 5
    payload = Container: 
        player_slot = 0
        inventory_slot = 116
        stack = 0
        prefix_id = 0
        item_id = 0
Received: Container: 
    length = 11
    type = 5
    payload = Container: 
        player_slot = 0
        inventory_slot = 117
        stack = 0
        prefix_id = 0
        item_id = 0
Received: Container: 
    length = 11
    type = 5
    payload = Container: 
        player_slot = 0
        inventory_slot = 118
        stack = 0
        prefix_id = 0
        item_id = 0
Received: Container: 
    length = 11
    type = 5
    payload = Container: 
        player_slot = 0
        inventory_slot = 119
        stack = 0
        prefix_id = 0
        item_id = 0
Received: Container: 
    length = 11
    type = 5
    payload = Container: 
        player_slot = 0
        inventory_slot = 120
        stack = 0
        prefix_id = 0
        item_id = 0
Received: Container: 
    length = 11
    type = 5
    payload = Container: 
        player_slot = 0
        inventory_slot = 121
        stack = 0
        prefix_id = 0
        item_id = 0
Received: Container: 
    length = 11
    type = 5
    payload = Container: 
        player_slot = 0
        inventory_slot = 122
        stack = 0
        prefix_id = 0
        item_id = 0
Received: Container: 
    length = 11
    type = 5
    payload = Container: 
        player_slot = 0
        inventory_slot = 123
        stack = 0
        prefix_id = 0
        item_id = 0
Received: Container: 
    length = 11
    type = 5
    payload = Container: 
        player_slot = 0
        inventory_slot = 124
        stack = 0
        prefix_id = 0
        item_id = 0
Received: Container: 
    length = 11
    type = 5
    payload = Container: 
        player_slot = 0
        inventory_slot = 125
        stack = 0
        prefix_id = 0
        item_id = 0
Received: Container: 
    length = 11
    type = 5
    payload = Container: 
        player_slot = 0
        inventory_slot = 126
        stack = 0
        prefix_id = 0
        item_id = 0
Received: Container: 
    length = 11
    type = 5
    payload = Container: 
        player_slot = 0
        inventory_slot = 127
        stack = 0
        prefix_id = 0
        item_id = 0
Received: Container: 
    length = 11
    type = 5
    payload = Container: 
        player_slot = 0
        inventory_slot = 128
        stack = 0
        prefix_id = 0
        item_id = 0
Received: Container: 
    length = 11
    type = 5
    payload = Container: 
        player_slot = 0
        inventory_slot = 129
        stack = 0
        prefix_id = 0
        item_id = 0
Received: Container: 
    length = 11
    type = 5
    payload = Container: 
        player_slot = 0
        inventory_slot = 130
        stack = 0
        prefix_id = 0
        item_id = 0
Received: Container: 
    length = 11
    type = 5
    payload = Container: 
        player_slot = 0
        inventory_slot = 131
        stack = 0
        prefix_id = 0
        item_id = 0
Received: Container: 
    length = 11
    type = 5
    payload = Container: 
        player_slot = 0
        inventory_slot = 132
        stack = 0
        prefix_id = 0
        item_id = 0
Received: Container: 
    length = 11
    type = 5
    payload = Container: 
        player_slot = 0
        inventory_slot = 133
        stack = 0
        prefix_id = 0
        item_id = 0
Received: Container: 
    length = 11
    type = 5
    payload = Container: 
        player_slot = 0
        inventory_slot = 134
        stack = 0
        prefix_id = 0
        item_id = 0
Received: Container: 
    length = 11
    type = 5
    payload = Container: 
        player_slot = 0
        inventory_slot = 135
        stack = 0
        prefix_id = 0
        item_id = 0
Received: Container: 
    length = 11
    type = 5
    payload = Container: 
        player_slot = 0
        inventory_slot = 136
        stack = 0
        prefix_id = 0
        item_id = 0
Received: Container: 
    length = 11
    type = 5
    payload = Container: 
        player_slot = 0
        inventory_slot = 137
        stack = 0
        prefix_id = 0
        item_id = 0
Received: Container: 
    length = 11
    type = 5
    payload = Container: 
        player_slot = 0
        inventory_slot = 138
        stack = 0
        prefix_id = 0
        item_id = 0
Received: Container: 
    length = 11
    type = 5
    payload = Container: 
        player_slot = 0
        inventory_slot = 139
        stack = 0
        prefix_id = 0
        item_id = 0
Received: Container: 
    length = 11
    type = 5
    payload = Container: 
        player_slot = 0
        inventory_slot = 140
        stack = 0
        prefix_id = 0
        item_id = 0
Received: Container: 
    length = 11
    type = 5
    payload = Container: 
        player_slot = 0
        inventory_slot = 141
        stack = 0
        prefix_id = 0
        item_id = 0
Received: Container: 
    length = 11
    type = 5
    payload = Container: 
        player_slot = 0
        inventory_slot = 142
        stack = 0
        prefix_id = 0
        item_id = 0
Received: Container: 
    length = 11
    type = 5
    payload = Container: 
        player_slot = 0
        inventory_slot = 143
        stack = 0
        prefix_id = 0
        item_id = 0
Received: Container: 
    length = 11
    type = 5
    payload = Container: 
        player_slot = 0
        inventory_slot = 144
        stack = 0
        prefix_id = 0
        item_id = 0
Received: Container: 
    length = 11
    type = 5
    payload = Container: 
        player_slot = 0
        inventory_slot = 145
        stack = 0
        prefix_id = 0
        item_id = 0
Received: Container: 
    length = 11
    type = 5
    payload = Container: 
        player_slot = 0
        inventory_slot = 146
        stack = 0
        prefix_id = 0
        item_id = 0
Received: Container: 
    length = 11
    type = 5
    payload = Container: 
        player_slot = 0
        inventory_slot = 147
        stack = 0
        prefix_id = 0
        item_id = 0
Received: Container: 
    length = 11
    type = 5
    payload = Container: 
        player_slot = 0
        inventory_slot = 148
        stack = 0
        prefix_id = 0
        item_id = 0
Received: Container: 
    length = 11
    type = 5
    payload = Container: 
        player_slot = 0
        inventory_slot = 149
        stack = 0
        prefix_id = 0
        item_id = 0
Received: Container: 
    length = 11
    type = 5
    payload = Container: 
        player_slot = 0
        inventory_slot = 150
        stack = 0
        prefix_id = 0
        item_id = 0
Received: Container: 
    length = 11
    type = 5
    payload = Container: 
        player_slot = 0
        inventory_slot = 151
        stack = 0
        prefix_id = 0
        item_id = 0
Received: Container: 
    length = 11
    type = 5
    payload = Container: 
        player_slot = 0
        inventory_slot = 152
        stack = 0
        prefix_id = 0
        item_id = 0
Received: Container: 
    length = 11
    type = 5
    payload = Container: 
        player_slot = 0
        inventory_slot = 153
        stack = 0
        prefix_id = 0
        item_id = 0
Received: Container: 
    length = 11
    type = 5
    payload = Container: 
        player_slot = 0
        inventory_slot = 154
        stack = 0
        prefix_id = 0
        item_id = 0
Received: Container: 
    length = 11
    type = 5
    payload = Container: 
        player_slot = 0
        inventory_slot = 155
        stack = 0
        prefix_id = 0
        item_id = 0
Received: Container: 
    length = 11
    type = 5
    payload = Container: 
        player_slot = 0
        inventory_slot = 156
        stack = 0
        prefix_id = 0
        item_id = 0
Received: Container: 
    length = 11
    type = 5
    payload = Container: 
        player_slot = 0
        inventory_slot = 157
        stack = 0
        prefix_id = 0
        item_id = 0
Received: Container: 
    length = 11
    type = 5
    payload = Container: 
        player_slot = 0
        inventory_slot = 158
        stack = 0
        prefix_id = 0
        item_id = 0
Received: Container: 
    length = 11
    type = 5
    payload = Container: 
        player_slot = 0
        inventory_slot = 159
        stack = 0
        prefix_id = 0
        item_id = 0
Received: Container: 
    length = 11
    type = 5
    payload = Container: 
        player_slot = 0
        inventory_slot = 160
        stack = 0
        prefix_id = 0
        item_id = 0
Received: Container: 
    length = 11
    type = 5
    payload = Container: 
        player_slot = 0
        inventory_slot = 161
        stack = 0
        prefix_id = 0
        item_id = 0
Received: Container: 
    length = 11
    type = 5
    payload = Container: 
        player_slot = 0
        inventory_slot = 162
        stack = 0
        prefix_id = 0
        item_id = 0
Received: Container: 
    length = 11
    type = 5
    payload = Container: 
        player_slot = 0
        inventory_slot = 163
        stack = 0
        prefix_id = 0
        item_id = 0
Received: Container: 
    length = 11
    type = 5
    payload = Container: 
        player_slot = 0
        inventory_slot = 164
        stack = 0
        prefix_id = 0
        item_id = 0
Received: Container: 
    length = 11
    type = 5
    payload = Container: 
        player_slot = 0
        inventory_slot = 165
        stack = 0
        prefix_id = 0
        item_id = 0
Received: Container: 
    length = 11
    type = 5
    payload = Container: 
        player_slot = 0
        inventory_slot = 166
        stack = 0
        prefix_id = 0
        item_id = 0
Received: Container: 
    length = 11
    type = 5
    payload = Container: 
        player_slot = 0
        inventory_slot = 167
        stack = 0
        prefix_id = 0
        item_id = 0
Received: Container: 
    length = 11
    type = 5
    payload = Container: 
        player_slot = 0
        inventory_slot = 168
        stack = 0
        prefix_id = 0
        item_id = 0
Received: Container: 
    length = 11
    type = 5
    payload = Container: 
        player_slot = 0
        inventory_slot = 169
        stack = 0
        prefix_id = 0
        item_id = 0
Received: Container: 
    length = 11
    type = 5
    payload = Container: 
        player_slot = 0
        inventory_slot = 170
        stack = 0
        prefix_id = 0
        item_id = 0
Received: Container: 
    length = 11
    type = 5
    payload = Container: 
        player_slot = 0
        inventory_slot = 171
        stack = 0
        prefix_id = 0
        item_id = 0
Received: Container: 
    length = 11
    type = 5
    payload = Container: 
        player_slot = 0
        inventory_slot = 172
        stack = 0
        prefix_id = 0
        item_id = 0
Received: Container: 
    length = 11
    type = 5
    payload = Container: 
        player_slot = 0
        inventory_slot = 173
        stack = 0
        prefix_id = 0
        item_id = 0
Received: Container: 
    length = 11
    type = 5
    payload = Container: 
        player_slot = 0
        inventory_slot = 174
        stack = 0
        prefix_id = 0
        item_id = 0
Received: Container: 
    length = 11
    type = 5
    payload = Container: 
        player_slot = 0
        inventory_slot = 175
        stack = 0
        prefix_id = 0
        item_id = 0
Received: Container: 
    length = 11
    type = 5
    payload = Container: 
        player_slot = 0
        inventory_slot = 176
        stack = 0
        prefix_id = 0
        item_id = 0
Received: Container: 
    length = 11
    type = 5
    payload = Container: 
        player_slot = 0
        inventory_slot = 177
        stack = 0
        prefix_id = 0
        item_id = 0
Received: Container: 
    length = 11
    type = 5
    payload = Container: 
        player_slot = 0
        inventory_slot = 178
        stack = 0
        prefix_id = 0
        item_id = 0
Received: Container: 
    length = 11
    type = 5
    payload = Container: 
        player_slot = 0
        inventory_slot = 179
        stack = 0
        prefix_id = 0
        item_id = 0
Received: Container: 
    length = 11
    type = 5
    payload = Container: 
        player_slot = 0
        inventory_slot = 180
        stack = 0
        prefix_id = 0
        item_id = 0
Received: Container: 
    length = 11
    type = 5
    payload = Container: 
        player_slot = 0
        inventory_slot = 181
        stack = 0
        prefix_id = 0
        item_id = 0
Received: Container: 
    length = 11
    type = 5
    payload = Container: 
        player_slot = 0
        inventory_slot = 182
        stack = 0
        prefix_id = 0
        item_id = 0
Received: Container: 
    length = 11
    type = 5
    payload = Container: 
        player_slot = 0
        inventory_slot = 183
        stack = 0
        prefix_id = 0
        item_id = 0
Received: Container: 
    length = 11
    type = 5
    payload = Container: 
        player_slot = 0
        inventory_slot = 184
        stack = 0
        prefix_id = 0
        item_id = 0
Received: Container: 
    length = 11
    type = 5
    payload = Container: 
        player_slot = 0
        inventory_slot = 185
        stack = 0
        prefix_id = 0
        item_id = 0
Received: Container: 
    length = 11
    type = 5
    payload = Container: 
        player_slot = 0
        inventory_slot = 186
        stack = 0
        prefix_id = 0
        item_id = 0
Received: Container: 
    length = 11
    type = 5
    payload = Container: 
        player_slot = 0
        inventory_slot = 187
        stack = 0
        prefix_id = 0
        item_id = 0
Received: Container: 
    length = 11
    type = 5
    payload = Container: 
        player_slot = 0
        inventory_slot = 188
        stack = 0
        prefix_id = 0
        item_id = 0
Received: Container: 
    length = 11
    type = 5
    payload = Container: 
        player_slot = 0
        inventory_slot = 189
        stack = 0
        prefix_id = 0
        item_id = 0
Received: Container: 
    length = 11
    type = 5
    payload = Container: 
        player_slot = 0
        inventory_slot = 190
        stack = 0
        prefix_id = 0
        item_id = 0
Received: Container: 
    length = 11
    type = 5
    payload = Container: 
        player_slot = 0
        inventory_slot = 191
        stack = 0
        prefix_id = 0
        item_id = 0
Received: Container: 
    length = 11
    type = 5
    payload = Container: 
        player_slot = 0
        inventory_slot = 192
        stack = 0
        prefix_id = 0
        item_id = 0
Received: Container: 
    length = 11
    type = 5
    payload = Container: 
        player_slot = 0
        inventory_slot = 193
        stack = 0
        prefix_id = 0
        item_id = 0
Received: Container: 
    length = 11
    type = 5
    payload = Container: 
        player_slot = 0
        inventory_slot = 194
        stack = 0
        prefix_id = 0
        item_id = 0
Received: Container: 
    length = 11
    type = 5
    payload = Container: 
        player_slot = 0
        inventory_slot = 195
        stack = 0
        prefix_id = 0
        item_id = 0
Received: Container: 
    length = 11
    type = 5
    payload = Container: 
        player_slot = 0
        inventory_slot = 196
        stack = 0
        prefix_id = 0
        item_id = 0
Received: Container: 
    length = 11
    type = 5
    payload = Container: 
        player_slot = 0
        inventory_slot = 197
        stack = 0
        prefix_id = 0
        item_id = 0
Received: Container: 
    length = 11
    type = 5
    payload = Container: 
        player_slot = 0
        inventory_slot = 198
        stack = 0
        prefix_id = 0
        item_id = 0
Received: Container: 
    length = 11
    type = 5
    payload = Container: 
        player_slot = 0
        inventory_slot = 199
        stack = 0
        prefix_id = 0
        item_id = 0
Received: Container: 
    length = 11
    type = 5
    payload = Container: 
        player_slot = 0
        inventory_slot = 200
        stack = 0
        prefix_id = 0
        item_id = 0
Received: Container: 
    length = 11
    type = 5
    payload = Container: 
        player_slot = 0
        inventory_slot = 201
        stack = 0
        prefix_id = 0
        item_id = 0
Received: Container: 
    length = 11
    type = 5
    payload = Container: 
        player_slot = 0
        inventory_slot = 202
        stack = 0
        prefix_id = 0
        item_id = 0
Received: Container: 
    length = 11
    type = 5
    payload = Container: 
        player_slot = 0
        inventory_slot = 203
        stack = 0
        prefix_id = 0
        item_id = 0
Received: Container: 
    length = 11
    type = 5
    payload = Container: 
        player_slot = 0
        inventory_slot = 204
        stack = 0
        prefix_id = 0
        item_id = 0
Received: Container: 
    length = 11
    type = 5
    payload = Container: 
        player_slot = 0
        inventory_slot = 205
        stack = 0
        prefix_id = 0
        item_id = 0
Received: Container: 
    length = 11
    type = 5
    payload = Container: 
        player_slot = 0
        inventory_slot = 206
        stack = 0
        prefix_id = 0
        item_id = 0
Received: Container: 
    length = 11
    type = 5
    payload = Container: 
        player_slot = 0
        inventory_slot = 207
        stack = 0
        prefix_id = 0
        item_id = 0
Received: Container: 
    length = 11
    type = 5
    payload = Container: 
        player_slot = 0
        inventory_slot = 208
        stack = 0
        prefix_id = 0
        item_id = 0
Received: Container: 
    length = 11
    type = 5
    payload = Container: 
        player_slot = 0
        inventory_slot = 209
        stack = 0
        prefix_id = 0
        item_id = 0
Received: Container: 
    length = 11
    type = 5
    payload = Container: 
        player_slot = 0
        inventory_slot = 210
        stack = 0
        prefix_id = 0
        item_id = 0
Received: Container: 
    length = 11
    type = 5
    payload = Container: 
        player_slot = 0
        inventory_slot = 211
        stack = 0
        prefix_id = 0
        item_id = 0
Received: Container: 
    length = 11
    type = 5
    payload = Container: 
        player_slot = 0
        inventory_slot = 212
        stack = 0
        prefix_id = 0
        item_id = 0
Received: Container: 
    length = 11
    type = 5
    payload = Container: 
        player_slot = 0
        inventory_slot = 213
        stack = 0
        prefix_id = 0
        item_id = 0
Received: Container: 
    length = 11
    type = 5
    payload = Container: 
        player_slot = 0
        inventory_slot = 214
        stack = 0
        prefix_id = 0
        item_id = 0
Received: Container: 
    length = 11
    type = 5
    payload = Container: 
        player_slot = 0
        inventory_slot = 215
        stack = 0
        prefix_id = 0
        item_id = 0
Received: Container: 
    length = 11
    type = 5
    payload = Container: 
        player_slot = 0
        inventory_slot = 216
        stack = 0
        prefix_id = 0
        item_id = 0
Received: Container: 
    length = 11
    type = 5
    payload = Container: 
        player_slot = 0
        inventory_slot = 217
        stack = 0
        prefix_id = 0
        item_id = 0
Received: Container: 
    length = 11
    type = 5
    payload = Container: 
        player_slot = 0
        inventory_slot = 218
        stack = 0
        prefix_id = 0
        item_id = 0
Received: Container: 
    length = 11
    type = 5
    payload = Container: 
        player_slot = 0
        inventory_slot = 219
        stack = 0
        prefix_id = 0
        item_id = 0
Received: Container: 
    length = 11
    type = 5
    payload = Container: 
        player_slot = 0
        inventory_slot = 220
        stack = 0
        prefix_id = 0
        item_id = 0
Received: Container: 
    length = 11
    type = 5
    payload = Container: 
        player_slot = 0
        inventory_slot = 221
        stack = 0
        prefix_id = 0
        item_id = 0
Received: Container: 
    length = 11
    type = 5
    payload = Container: 
        player_slot = 0
        inventory_slot = 222
        stack = 0
        prefix_id = 0
        item_id = 0
Received: Container: 
    length = 11
    type = 5
    payload = Container: 
        player_slot = 0
        inventory_slot = 223
        stack = 0
        prefix_id = 0
        item_id = 0
Received: Container: 
    length = 11
    type = 5
    payload = Container: 
        player_slot = 0
        inventory_slot = 224
        stack = 0
        prefix_id = 0
        item_id = 0
Received: Container: 
    length = 11
    type = 5
    payload = Container: 
        player_slot = 0
        inventory_slot = 225
        stack = 0
        prefix_id = 0
        item_id = 0
Received: Container: 
    length = 11
    type = 5
    payload = Container: 
        player_slot = 0
        inventory_slot = 226
        stack = 0
        prefix_id = 0
        item_id = 0
Received: Container: 
    length = 11
    type = 5
    payload = Container: 
        player_slot = 0
        inventory_slot = 227
        stack = 0
        prefix_id = 0
        item_id = 0
Received: Container: 
    length = 11
    type = 5
    payload = Container: 
        player_slot = 0
        inventory_slot = 228
        stack = 0
        prefix_id = 0
        item_id = 0
Received: Container: 
    length = 11
    type = 5
    payload = Container: 
        player_slot = 0
        inventory_slot = 229
        stack = 0
        prefix_id = 0
        item_id = 0
Received: Container: 
    length = 11
    type = 5
    payload = Container: 
        player_slot = 0
        inventory_slot = 230
        stack = 0
        prefix_id = 0
        item_id = 0
Received: Container: 
    length = 11
    type = 5
    payload = Container: 
        player_slot = 0
        inventory_slot = 231
        stack = 0
        prefix_id = 0
        item_id = 0
Received: Container: 
    length = 11
    type = 5
    payload = Container: 
        player_slot = 0
        inventory_slot = 232
        stack = 0
        prefix_id = 0
        item_id = 0
Received: Container: 
    length = 11
    type = 5
    payload = Container: 
        player_slot = 0
        inventory_slot = 233
        stack = 0
        prefix_id = 0
        item_id = 0
Received: Container: 
    length = 11
    type = 5
    payload = Container: 
        player_slot = 0
        inventory_slot = 234
        stack = 0
        prefix_id = 0
        item_id = 0
Received: Container: 
    length = 11
    type = 5
    payload = Container: 
        player_slot = 0
        inventory_slot = 235
        stack = 0
        prefix_id = 0
        item_id = 0
Received: Container: 
    length = 11
    type = 5
    payload = Container: 
        player_slot = 0
        inventory_slot = 236
        stack = 0
        prefix_id = 0
        item_id = 0
Received: Container: 
    length = 11
    type = 5
    payload = Container: 
        player_slot = 0
        inventory_slot = 237
        stack = 0
        prefix_id = 0
        item_id = 0
Received: Container: 
    length = 11
    type = 5
    payload = Container: 
        player_slot = 0
        inventory_slot = 238
        stack = 0
        prefix_id = 0
        item_id = 0
Received: Container: 
    length = 11
    type = 5
    payload = Container: 
        player_slot = 0
        inventory_slot = 239
        stack = 0
        prefix_id = 0
        item_id = 0
Received: Container: 
    length = 11
    type = 5
    payload = Container: 
        player_slot = 0
        inventory_slot = 240
        stack = 0
        prefix_id = 0
        item_id = 0
Received: Container: 
    length = 11
    type = 5
    payload = Container: 
        player_slot = 0
        inventory_slot = 241
        stack = 0
        prefix_id = 0
        item_id = 0
Received: Container: 
    length = 11
    type = 5
    payload = Container: 
        player_slot = 0
        inventory_slot = 242
        stack = 0
        prefix_id = 0
        item_id = 0
Received: Container: 
    length = 11
    type = 5
    payload = Container: 
        player_slot = 0
        inventory_slot = 243
        stack = 0
        prefix_id = 0
        item_id = 0
Received: Container: 
    length = 11
    type = 5
    payload = Container: 
        player_slot = 0
        inventory_slot = 244
        stack = 0
        prefix_id = 0
        item_id = 0
Received: Container: 
    length = 11
    type = 5
    payload = Container: 
        player_slot = 0
        inventory_slot = 245
        stack = 0
        prefix_id = 0
        item_id = 0
Received: Container: 
    length = 11
    type = 5
    payload = Container: 
        player_slot = 0
        inventory_slot = 246
        stack = 0
        prefix_id = 0
        item_id = 0
Received: Container: 
    length = 11
    type = 5
    payload = Container: 
        player_slot = 0
        inventory_slot = 247
        stack = 0
        prefix_id = 0
        item_id = 0
Received: Container: 
    length = 11
    type = 5
    payload = Container: 
        player_slot = 0
        inventory_slot = 248
        stack = 0
        prefix_id = 0
        item_id = 0
Received: Container: 
    length = 11
    type = 5
    payload = Container: 
        player_slot = 0
        inventory_slot = 249
        stack = 0
        prefix_id = 0
        item_id = 0
Received: Container: 
    length = 11
    type = 5
    payload = Container: 
        player_slot = 0
        inventory_slot = 250
        stack = 0
        prefix_id = 0
        item_id = 0
Received: Container: 
    length = 11
    type = 5
    payload = Container: 
        player_slot = 0
        inventory_slot = 251
        stack = 0
        prefix_id = 0
        item_id = 0
Received: Container: 
    length = 11
    type = 5
    payload = Container: 
        player_slot = 0
        inventory_slot = 252
        stack = 0
        prefix_id = 0
        item_id = 0
Received: Container: 
    length = 11
    type = 5
    payload = Container: 
        player_slot = 0
        inventory_slot = 253
        stack = 0
        prefix_id = 0
        item_id = 0
Received: Container: 
    length = 11
    type = 5
    payload = Container: 
        player_slot = 0
        inventory_slot = 254
        stack = 0
        prefix_id = 0
        item_id = 0
Received: Container: 
    length = 11
    type = 5
    payload = Container: 
        player_slot = 0
        inventory_slot = 255
        stack = 0
        prefix_id = 0
        item_id = 0
Received: Container: 
    length = 11
    type = 5
    payload = Container: 
        player_slot = 0
        inventory_slot = 256
        stack = 0
        prefix_id = 0
        item_id = 0
Received: Container: 
    length = 11
    type = 5
    payload = Container: 
        player_slot = 0
        inventory_slot = 257
        stack = 0
        prefix_id = 0
        item_id = 0
Received: Container: 
    length = 11
    type = 5
    payload = Container: 
        player_slot = 0
        inventory_slot = 258
        stack = 0
        prefix_id = 0
        item_id = 0
Received: Container: 
    length = 11
    type = 5
    payload = Container: 
        player_slot = 0
        inventory_slot = 259
        stack = 0
        prefix_id = 0
        item_id = 0
Received: Container: 
    length = 11
    type = 5
    payload = Container: 
        player_slot = 0
        inventory_slot = 260
        stack = 0
        prefix_id = 0
        item_id = 0
Received: Container: 
    length = 11
    type = 5
    payload = Container: 
        player_slot = 0
        inventory_slot = 261
        stack = 0
        prefix_id = 0
        item_id = 0
Received: Container: 
    length = 11
    type = 5
    payload = Container: 
        player_slot = 0
        inventory_slot = 262
        stack = 0
        prefix_id = 0
        item_id = 0
Received: Container: 
    length = 11
    type = 5
    payload = Container: 
        player_slot = 0
        inventory_slot = 263
        stack = 0
        prefix_id = 0
        item_id = 0
Received: Container: 
    length = 11
    type = 5
    payload = Container: 
        player_slot = 0
        inventory_slot = 264
        stack = 0
        prefix_id = 0
        item_id = 0
Received: Container: 
    length = 11
    type = 5
    payload = Container: 
        player_slot = 0
        inventory_slot = 265
        stack = 0
        prefix_id = 0
        item_id = 0
Received: Container: 
    length = 11
    type = 5
    payload = Container: 
        player_slot = 0
        inventory_slot = 266
        stack = 0
        prefix_id = 0
        item_id = 0
Received: Container: 
    length = 11
    type = 5
    payload = Container: 
        player_slot = 0
        inventory_slot = 267
        stack = 0
        prefix_id = 0
        item_id = 0
Received: Container: 
    length = 11
    type = 5
    payload = Container: 
        player_slot = 0
        inventory_slot = 268
        stack = 0
        prefix_id = 0
        item_id = 0
Received: Container: 
    length = 11
    type = 5
    payload = Container: 
        player_slot = 0
        inventory_slot = 269
        stack = 0
        prefix_id = 0
        item_id = 0
Received: Container: 
    length = 11
    type = 5
    payload = Container: 
        player_slot = 0
        inventory_slot = 270
        stack = 0
        prefix_id = 0
        item_id = 0
Received: Container: 
    length = 11
    type = 5
    payload = Container: 
        player_slot = 0
        inventory_slot = 271
        stack = 0
        prefix_id = 0
        item_id = 0
Received: Container: 
    length = 11
    type = 5
    payload = Container: 
        player_slot = 0
        inventory_slot = 272
        stack = 0
        prefix_id = 0
        item_id = 0
Received: Container: 
    length = 11
    type = 5
    payload = Container: 
        player_slot = 0
        inventory_slot = 273
        stack = 0
        prefix_id = 0
        item_id = 0
Received: Container: 
    length = 11
    type = 5
    payload = Container: 
        player_slot = 0
        inventory_slot = 274
        stack = 0
        prefix_id = 0
        item_id = 0
Received: Container: 
    length = 11
    type = 5
    payload = Container: 
        player_slot = 0
        inventory_slot = 275
        stack = 0
        prefix_id = 0
        item_id = 0
Received: Container: 
    length = 11
    type = 5
    payload = Container: 
        player_slot = 0
        inventory_slot = 276
        stack = 0
        prefix_id = 0
        item_id = 0
Received: Container: 
    length = 11
    type = 5
    payload = Container: 
        player_slot = 0
        inventory_slot = 277
        stack = 0
        prefix_id = 0
        item_id = 0
Received: Container: 
    length = 11
    type = 5
    payload = Container: 
        player_slot = 0
        inventory_slot = 278
        stack = 0
        prefix_id = 0
        item_id = 0
Received: Container: 
    length = 11
    type = 5
    payload = Container: 
        player_slot = 0
        inventory_slot = 279
        stack = 0
        prefix_id = 0
        item_id = 0
Received: Container: 
    length = 11
    type = 5
    payload = Container: 
        player_slot = 0
        inventory_slot = 280
        stack = 0
        prefix_id = 0
        item_id = 0
Received: Container: 
    length = 11
    type = 5
    payload = Container: 
        player_slot = 0
        inventory_slot = 281
        stack = 0
        prefix_id = 0
        item_id = 0
Received: Container: 
    length = 11
    type = 5
    payload = Container: 
        player_slot = 0
        inventory_slot = 282
        stack = 0
        prefix_id = 0
        item_id = 0
Received: Container: 
    length = 11
    type = 5
    payload = Container: 
        player_slot = 0
        inventory_slot = 283
        stack = 0
        prefix_id = 0
        item_id = 0
Received: Container: 
    length = 11
    type = 5
    payload = Container: 
        player_slot = 0
        inventory_slot = 284
        stack = 0
        prefix_id = 0
        item_id = 0
Received: Container: 
    length = 11
    type = 5
    payload = Container: 
        player_slot = 0
        inventory_slot = 285
        stack = 0
        prefix_id = 0
        item_id = 0
Received: Container: 
    length = 11
    type = 5
    payload = Container: 
        player_slot = 0
        inventory_slot = 286
        stack = 0
        prefix_id = 0
        item_id = 0
Received: Container: 
    length = 11
    type = 5
    payload = Container: 
        player_slot = 0
        inventory_slot = 287
        stack = 0
        prefix_id = 0
        item_id = 0
Received: Container: 
    length = 11
    type = 5
    payload = Container: 
        player_slot = 0
        inventory_slot = 288
        stack = 0
        prefix_id = 0
        item_id = 0
Received: Container: 
    length = 11
    type = 5
    payload = Container: 
        player_slot = 0
        inventory_slot = 289
        stack = 0
        prefix_id = 0
        item_id = 0
Received: Container: 
    length = 11
    type = 5
    payload = Container: 
        player_slot = 0
        inventory_slot = 290
        stack = 0
        prefix_id = 0
        item_id = 0
Received: Container: 
    length = 11
    type = 5
    payload = Container: 
        player_slot = 0
        inventory_slot = 291
        stack = 0
        prefix_id = 0
        item_id = 0
Received: Container: 
    length = 11
    type = 5
    payload = Container: 
        player_slot = 0
        inventory_slot = 292
        stack = 0
        prefix_id = 0
        item_id = 0
Received: Container: 
    length = 11
    type = 5
    payload = Container: 
        player_slot = 0
        inventory_slot = 293
        stack = 0
        prefix_id = 0
        item_id = 0
Received: Container: 
    length = 11
    type = 5
    payload = Container: 
        player_slot = 0
        inventory_slot = 294
        stack = 0
        prefix_id = 0
        item_id = 0
Received: Container: 
    length = 11
    type = 5
    payload = Container: 
        player_slot = 0
        inventory_slot = 295
        stack = 0
        prefix_id = 0
        item_id = 0
Received: Container: 
    length = 11
    type = 5
    payload = Container: 
        player_slot = 0
        inventory_slot = 296
        stack = 0
        prefix_id = 0
        item_id = 0
Received: Container: 
    length = 11
    type = 5
    payload = Container: 
        player_slot = 0
        inventory_slot = 297
        stack = 0
        prefix_id = 0
        item_id = 0
Received: Container: 
    length = 11
    type = 5
    payload = Container: 
        player_slot = 0
        inventory_slot = 298
        stack = 0
        prefix_id = 0
        item_id = 0
Received: Container: 
    length = 11
    type = 5
    payload = Container: 
        player_slot = 0
        inventory_slot = 299
        stack = 0
        prefix_id = 0
        item_id = 0
Received: Container: 
    length = 11
    type = 5
    payload = Container: 
        player_slot = 0
        inventory_slot = 300
        stack = 0
        prefix_id = 0
        item_id = 0
Received: Container: 
    length = 11
    type = 5
    payload = Container: 
        player_slot = 0
        inventory_slot = 301
        stack = 0
        prefix_id = 0
        item_id = 0
Received: Container: 
    length = 11
    type = 5
    payload = Container: 
        player_slot = 0
        inventory_slot = 302
        stack = 0
        prefix_id = 0
        item_id = 0
Received: Container: 
    length = 11
    type = 5
    payload = Container: 
        player_slot = 0
        inventory_slot = 303
        stack = 0
        prefix_id = 0
        item_id = 0
Received: Container: 
    length = 11
    type = 5
    payload = Container: 
        player_slot = 0
        inventory_slot = 304
        stack = 0
        prefix_id = 0
        item_id = 0
Received: Container: 
    length = 11
    type = 5
    payload = Container: 
        player_slot = 0
        inventory_slot = 305
        stack = 0
        prefix_id = 0
        item_id = 0
Received: Container: 
    length = 11
    type = 5
    payload = Container: 
        player_slot = 0
        inventory_slot = 306
        stack = 0
        prefix_id = 0
        item_id = 0
Received: Container: 
    length = 11
    type = 5
    payload = Container: 
        player_slot = 0
        inventory_slot = 307
        stack = 0
        prefix_id = 0
        item_id = 0
Received: Container: 
    length = 11
    type = 5
    payload = Container: 
        player_slot = 0
        inventory_slot = 308
        stack = 0
        prefix_id = 0
        item_id = 0
Received: Container: 
    length = 11
    type = 5
    payload = Container: 
        player_slot = 0
        inventory_slot = 309
        stack = 0
        prefix_id = 0
        item_id = 0
Received: Container: 
    length = 11
    type = 5
    payload = Container: 
        player_slot = 0
        inventory_slot = 310
        stack = 0
        prefix_id = 0
        item_id = 0
Received: Container: 
    length = 11
    type = 5
    payload = Container: 
        player_slot = 0
        inventory_slot = 311
        stack = 0
        prefix_id = 0
        item_id = 0
Received: Container: 
    length = 11
    type = 5
    payload = Container: 
        player_slot = 0
        inventory_slot = 312
        stack = 0
        prefix_id = 0
        item_id = 0
Received: Container: 
    length = 11
    type = 5
    payload = Container: 
        player_slot = 0
        inventory_slot = 313
        stack = 0
        prefix_id = 0
        item_id = 0
Received: Container: 
    length = 11
    type = 5
    payload = Container: 
        player_slot = 0
        inventory_slot = 314
        stack = 0
        prefix_id = 0
        item_id = 0
Received: Container: 
    length = 11
    type = 5
    payload = Container: 
        player_slot = 0
        inventory_slot = 315
        stack = 0
        prefix_id = 0
        item_id = 0
Received: Container: 
    length = 11
    type = 5
    payload = Container: 
        player_slot = 0
        inventory_slot = 316
        stack = 0
        prefix_id = 0
        item_id = 0
Received: Container: 
    length = 11
    type = 5
    payload = Container: 
        player_slot = 0
        inventory_slot = 317
        stack = 0
        prefix_id = 0
        item_id = 0
Received: Container: 
    length = 11
    type = 5
    payload = Container: 
        player_slot = 0
        inventory_slot = 318
        stack = 0
        prefix_id = 0
        item_id = 0
Received: Container: 
    length = 11
    type = 5
    payload = Container: 
        player_slot = 0
        inventory_slot = 319
        stack = 0
        prefix_id = 0
        item_id = 0
Received: Container: 
    length = 11
    type = 5
    payload = Container: 
        player_slot = 0
        inventory_slot = 320
        stack = 0
        prefix_id = 0
        item_id = 0
Received: Container: 
    length = 11
    type = 5
    payload = Container: 
        player_slot = 0
        inventory_slot = 321
        stack = 0
        prefix_id = 0
        item_id = 0
Received: Container: 
    length = 11
    type = 5
    payload = Container: 
        player_slot = 0
        inventory_slot = 322
        stack = 0
        prefix_id = 0
        item_id = 0
Received: Container: 
    length = 11
    type = 5
    payload = Container: 
        player_slot = 0
        inventory_slot = 323
        stack = 0
        prefix_id = 0
        item_id = 0
Received: Container: 
    length = 11
    type = 5
    payload = Container: 
        player_slot = 0
        inventory_slot = 324
        stack = 0
        prefix_id = 0
        item_id = 0
Received: Container: 
    length = 11
    type = 5
    payload = Container: 
        player_slot = 0
        inventory_slot = 325
        stack = 0
        prefix_id = 0
        item_id = 0
Received: Container: 
    length = 11
    type = 5
    payload = Container: 
        player_slot = 0
        inventory_slot = 326
        stack = 0
        prefix_id = 0
        item_id = 0
Received: Container: 
    length = 11
    type = 5
    payload = Container: 
        player_slot = 0
        inventory_slot = 327
        stack = 0
        prefix_id = 0
        item_id = 0
Received: Container: 
    length = 11
    type = 5
    payload = Container: 
        player_slot = 0
        inventory_slot = 328
        stack = 0
        prefix_id = 0
        item_id = 0
Received: Container: 
    length = 11
    type = 5
    payload = Container: 
        player_slot = 0
        inventory_slot = 329
        stack = 0
        prefix_id = 0
        item_id = 0
Received: Container: 
    length = 11
    type = 5
    payload = Container: 
        player_slot = 0
        inventory_slot = 330
        stack = 0
        prefix_id = 0
        item_id = 0
Received: Container: 
    length = 11
    type = 5
    payload = Container: 
        player_slot = 0
        inventory_slot = 331
        stack = 0
        prefix_id = 0
        item_id = 0
Received: Container: 
    length = 11
    type = 5
    payload = Container: 
        player_slot = 0
        inventory_slot = 332
        stack = 0
        prefix_id = 0
        item_id = 0
Received: Container: 
    length = 11
    type = 5
    payload = Container: 
        player_slot = 0
        inventory_slot = 333
        stack = 0
        prefix_id = 0
        item_id = 0
Received: Container: 
    length = 11
    type = 5
    payload = Container: 
        player_slot = 0
        inventory_slot = 334
        stack = 0
        prefix_id = 0
        item_id = 0
Received: Container: 
    length = 11
    type = 5
    payload = Container: 
        player_slot = 0
        inventory_slot = 335
        stack = 0
        prefix_id = 0
        item_id = 0
Received: Container: 
    length = 11
    type = 5
    payload = Container: 
        player_slot = 0
        inventory_slot = 336
        stack = 0
        prefix_id = 0
        item_id = 0
Received: Container: 
    length = 11
    type = 5
    payload = Container: 
        player_slot = 0
        inventory_slot = 337
        stack = 0
        prefix_id = 0
        item_id = 0
Received: Container: 
    length = 11
    type = 5
    payload = Container: 
        player_slot = 0
        inventory_slot = 338
        stack = 0
        prefix_id = 0
        item_id = 0
Received: Container: 
    length = 11
    type = 5
    payload = Container: 
        player_slot = 0
        inventory_slot = 339
        stack = 0
        prefix_id = 0
        item_id = 0
Received: Container: 
    length = 11
    type = 5
    payload = Container: 
        player_slot = 0
        inventory_slot = 340
        stack = 0
        prefix_id = 0
        item_id = 0
Received: Container: 
    length = 11
    type = 5
    payload = Container: 
        player_slot = 0
        inventory_slot = 341
        stack = 0
        prefix_id = 0
        item_id = 0
Received: Container: 
    length = 11
    type = 5
    payload = Container: 
        player_slot = 0
        inventory_slot = 342
        stack = 0
        prefix_id = 0
        item_id = 0
Received: Container: 
    length = 11
    type = 5
    payload = Container: 
        player_slot = 0
        inventory_slot = 343
        stack = 0
        prefix_id = 0
        item_id = 0
Received: Container: 
    length = 11
    type = 5
    payload = Container: 
        player_slot = 0
        inventory_slot = 344
        stack = 0
        prefix_id = 0
        item_id = 0
Received: Container: 
    length = 11
    type = 5
    payload = Container: 
        player_slot = 0
        inventory_slot = 345
        stack = 0
        prefix_id = 0
        item_id = 0
Received: Container: 
    length = 11
    type = 5
    payload = Container: 
        player_slot = 0
        inventory_slot = 346
        stack = 0
        prefix_id = 0
        item_id = 0
Received: Container: 
    length = 11
    type = 5
    payload = Container: 
        player_slot = 0
        inventory_slot = 347
        stack = 0
        prefix_id = 0
        item_id = 0
Received: Container: 
    length = 11
    type = 5
    payload = Container: 
        player_slot = 0
        inventory_slot = 348
        stack = 0
        prefix_id = 0
        item_id = 0
Received: Container: 
    length = 11
    type = 5
    payload = Container: 
        player_slot = 0
        inventory_slot = 349
        stack = 0
        prefix_id = 0
        item_id = 0
Received: Container: 
    length = 3
    type = 6
    payload = Container: 
